<?xml version="1.0" encoding="UTF-8"?>
<testng-results ignored="0" total="1" passed="1" failed="0" skipped="0">
  <reporter-output>
  </reporter-output>
  <suite started-at="2024-12-14T12:04:59 IST" name="Suite" finished-at="2024-12-14T12:05:02 IST" duration-ms="3176">
    <groups>
    </groups>
    <test started-at="2024-12-14T12:04:59 IST" name="Test" finished-at="2024-12-14T12:05:02 IST" duration-ms="3176">
      <class name="org.scriptsRunner.Cubiin.MavenExampleScript">
        <test-method signature="launch()[pri:0, instance:org.scriptsRunner.Cubiin.MavenExampleScript@3e27aa33]" started-at="2024-12-14T12:04:59 IST" name="launch" finished-at="2024-12-14T12:05:02 IST" duration-ms="3118" status="PASS">
          <reporter-output>
          </reporter-output>
        </test-method> <!-- launch -->
      </class> <!-- org.scriptsRunner.Cubiin.MavenExampleScript -->
    </test> <!-- Test -->
  </suite> <!-- Suite -->
</testng-results>
